<?xml version="1.0" encoding="UTF-8"?>
<!-- Generated by org.testng.reporters.JUnitReportReporter -->
<testsuite hostname="WINDELL-6TMRLLH" name="com.dropbox.test.BasePageLoginTest" tests="2" failures="0" timestamp="9 Sep 2018 12:58:40 GMT" time="8.865" errors="0">
  <testcase name="dropboxLogin" time="7.378" classname="com.dropbox.test.BasePageLoginTest"/>
  <testcase name="LaunchURL" time="1.487" classname="com.dropbox.test.BasePageLoginTest"/>
</testsuite> <!-- com.dropbox.test.BasePageLoginTest -->
