<?xml version="1.0" encoding="UTF-8"?>
<!-- Generated by org.testng.reporters.JUnitReportReporter -->
<testsuite hostname="WINDELL-6TMRLLH" name="com.dropbox.test.BasePageSignUpTest" tests="2" failures="0" timestamp="8 Sep 2018 22:39:30 GMT" time="9.025" errors="0">
  <testcase name="LaunchURL" time="1.881" classname="com.dropbox.test.BasePageSignUpTest"/>
  <testcase name="dropboxSignUp" time="7.144" classname="com.dropbox.test.BasePageSignUpTest"/>
</testsuite> <!-- com.dropbox.test.BasePageSignUpTest -->
