<?xml version="1.0" encoding="UTF-8"?>
<!-- Generated by org.testng.reporters.JUnitReportReporter -->
<testsuite hostname="WINDELL-6TMRLLH" name="com.dropbox.test.BasePageTest" tests="2" failures="0" timestamp="8 Sep 2018 17:28:12 GMT" time="5.637" errors="0">
  <testcase name="LaunchURL" time="3.758" classname="com.dropbox.test.BasePageTest"/>
  <testcase name="dropboxLogin" time="1.879" classname="com.dropbox.test.BasePageTest"/>
</testsuite> <!-- com.dropbox.test.BasePageTest -->
