<?xml version="1.0" encoding="UTF-8"?>
<!-- Generated by org.testng.reporters.JUnitReportReporter -->
<testsuite hostname="WINDELL-6TMRLLH" name="com.dropbox.test.LoginLogoutTest" tests="1" failures="0" timestamp="9 Sep 2018 23:14:44 GMT" time="9.088" errors="0">
  <testcase name="userLogout" time="9.088" classname="com.dropbox.test.LoginLogoutTest"/>
</testsuite> <!-- com.dropbox.test.LoginLogoutTest -->
