<?xml version="1.0" encoding="UTF-8"?>
<!-- Generated by org.testng.reporters.JUnitReportReporter -->
<testsuite hostname="WINDELL-6TMRLLH" name="com.dropbox.test.HomePageUploadFileTest" tests="1" failures="0" timestamp="9 Sep 2018 23:14:44 GMT" time="12.059" errors="0">
  <testcase name="dropboxHome" time="12.059" classname="com.dropbox.test.HomePageUploadFileTest"/>
</testsuite> <!-- com.dropbox.test.HomePageUploadFileTest -->
